[2025-08-08 00:01:45] index +1 greater than columns for window 7552
[2025-08-08 00:01:45] index +1 greater than columns for window 8782
[2025-08-08 00:01:45] Set columnMode to 2
[2025-08-08 00:01:55] Set columnMode to 1
[2025-08-08 00:02:53] index +1 greater than columns for window 7802
[2025-08-08 00:02:53] index +1 greater than columns for window 8782
[2025-08-08 00:02:53] Set columnMode to 2
[2025-08-08 00:02:59] index +1 greater than columns for window 8782
[2025-08-08 00:03:00] Set columnMode to 3
[2025-08-08 00:03:07] index +1 greater than columns for window 7760
[2025-08-08 00:03:07] index +1 greater than columns for window 8782
[2025-08-08 00:03:08] Set columnMode to 2
[2025-08-08 00:03:18] index +1 greater than columns for window 8782
[2025-08-08 00:03:18] Set columnMode to 3
[2025-08-08 00:03:24] index +1 greater than columns for window 7552
[2025-08-08 00:03:25] index +1 greater than columns for window 8782
[2025-08-08 00:03:25] Set columnMode to 2
[2025-08-08 00:03:35] Set columnMode to 1
[2025-08-08 00:03:37] index +1 greater than columns for window 7552
[2025-08-08 00:03:37] index +1 greater than columns for window 8782
[2025-08-08 00:03:38] Set columnMode to 2
[2025-08-08 00:04:05] index +1 greater than columns for window 8782
[2025-08-08 00:04:05] Set columnMode to 3
[2025-08-08 00:04:20] Set columnMode to 1
[2025-08-08 00:12:02] index +1 greater than columns for window 7802
[2025-08-08 00:12:02] index +1 greater than columns for window 7552
[2025-08-08 00:12:02] Set columnMode to 2
[2025-08-08 00:12:15] index +1 greater than columns for window 7552
[2025-08-08 00:12:16] Set columnMode to 3
[2025-08-08 00:13:10] index +1 greater than columns for window 7760
[2025-08-08 00:13:10] index +1 greater than columns for window 7802
[2025-08-08 00:13:11] index +1 greater than columns for window 7552
[2025-08-08 00:13:11] Set columnMode to 2
[2025-08-08 00:14:13] index +1 greater than columns for window 7760
[2025-08-08 00:14:13] index +1 greater than columns for window 8782
[2025-08-08 00:14:13] Set columnMode to 3
[2025-08-08 00:14:37] index +1 greater than columns for window 7552
[2025-08-08 00:14:37] index +1 greater than columns for window 7802
[2025-08-08 00:14:38] index +1 greater than columns for window 7760
[2025-08-08 00:14:38] Set columnMode to 2
[2025-08-08 00:15:25] Set columnMode to 1
[2025-08-08 00:16:34] index +1 greater than columns for window 9025
[2025-08-08 00:16:34] index +1 greater than columns for window 8782
[2025-08-08 00:16:34] Set columnMode to 2
[2025-08-08 00:17:39] Set columnMode to 1
[2025-08-08 00:17:42] index +1 greater than columns for window 9025
[2025-08-08 00:17:42] index +1 greater than columns for window 7802
[2025-08-08 00:17:42] Set columnMode to 2
[2025-08-08 00:17:48] Set columnMode to 1
[2025-08-08 00:17:49] index +1 greater than columns for window 9025
[2025-08-08 00:17:49] index +1 greater than columns for window 8782
[2025-08-08 00:17:50] Set columnMode to 2
[2025-08-08 00:17:59] Set columnMode to 1
[2025-08-08 00:18:00] index +1 greater than columns for window 9025
[2025-08-08 00:18:00] index +1 greater than columns for window 7802
[2025-08-08 00:18:01] Set columnMode to 2
[2025-08-08 00:20:24] Set columnMode to 1
[2025-08-08 00:20:36] index +1 greater than columns for window 8782
[2025-08-08 00:20:36] index +1 greater than columns for window 7802
[2025-08-08 00:20:36] Set columnMode to 2
[2025-08-08 00:21:19] Set columnMode to 1
[2025-08-08 00:21:22] index +1 greater than columns for window 7802
[2025-08-08 00:21:22] index +1 greater than columns for window 8782
[2025-08-08 00:21:23] Set columnMode to 2
[2025-08-08 00:22:35] Set columnMode to 1
[2025-08-08 00:22:36] index +1 greater than columns for window 8782
[2025-08-08 00:22:36] index +1 greater than columns for window 7802
[2025-08-08 00:22:37] Set columnMode to 2
[2025-08-08 00:23:01] Set columnMode to 1
[2025-08-08 00:23:02] index +1 greater than columns for window 9025
[2025-08-08 00:23:02] index +1 greater than columns for window 8782
[2025-08-08 00:23:02] Set columnMode to 2
[2025-08-08 00:23:23] Set columnMode to 1
[2025-08-08 00:23:25] index +1 greater than columns for window 7802
[2025-08-08 00:23:25] index +1 greater than columns for window 9025
[2025-08-08 00:23:25] Set columnMode to 2
[2025-08-08 00:23:29] Set columnMode to 1
[2025-08-08 00:23:31] index +1 greater than columns for window 7802
[2025-08-08 00:23:31] index +1 greater than columns for window 9025
[2025-08-08 00:23:31] Set columnMode to 2
[2025-08-08 00:23:34] Set columnMode to 1
[2025-08-08 00:24:00] index +1 greater than columns for window 7802
[2025-08-08 00:24:00] index +1 greater than columns for window 9025
[2025-08-08 00:24:00] Set columnMode to 2
[2025-08-08 00:24:11] Set columnMode to 1
jq: error: r/0 is not defined at <top-level>, line 1:
map(select(."is-visible" == true)) | sort -r                                           
jq: 1 compile error
[2025-08-08 00:25:56] Set columnMode to 2
[2025-08-08 00:25:59] Set columnMode to 1
[2025-08-08 00:26:34] index +1 greater than columns for window 8782
[2025-08-08 00:26:35] index +1 greater than columns for window 7760
[2025-08-08 00:26:35] Set columnMode to 2
[2025-08-08 00:26:59] Set columnMode to 1
[2025-08-08 00:27:02] index +1 greater than columns for window 8782
[2025-08-08 00:27:02] index +1 greater than columns for window 7760
[2025-08-08 00:27:02] Set columnMode to 2
[2025-08-08 00:27:43] Set columnMode to 1
[2025-08-08 00:27:44] index +1 greater than columns for window 8782
[2025-08-08 00:27:44] index +1 greater than columns for window 7760
[2025-08-08 00:27:45] Set columnMode to 2
[2025-08-08 00:28:10] index +1 greater than columns for window 7760
[2025-08-08 00:28:10] Set columnMode to 3
[2025-08-08 00:28:25] Set columnMode to 1
[2025-08-08 00:28:27] index +1 greater than columns for window 7760
[2025-08-08 00:28:27] index +1 greater than columns for window 8782
[2025-08-08 00:28:27] Set columnMode to 2
[2025-08-08 00:28:30] Set columnMode to 1
[2025-08-08 00:28:31] index +1 greater than columns for window 8782
[2025-08-08 00:28:31] index +1 greater than columns for window 7760
[2025-08-08 00:28:31] Set columnMode to 2
[2025-08-08 00:28:40] Set columnMode to 1
[2025-08-08 00:28:41] index +1 greater than columns for window 8782
[2025-08-08 00:28:41] index +1 greater than columns for window 7760
[2025-08-08 00:28:41] Set columnMode to 2
[2025-08-08 00:28:43] Set columnMode to 1
[2025-08-08 00:28:46] index +1 greater than columns for window 7760
[2025-08-08 00:28:46] index +1 greater than columns for window 8782
[2025-08-08 00:28:46] Set columnMode to 2
[2025-08-08 00:28:59] Set columnMode to 1
[2025-08-08 00:29:01] index +1 greater than columns for window 8782
[2025-08-08 00:29:01] index +1 greater than columns for window 7760
[2025-08-08 00:29:01] Set columnMode to 2
[2025-08-08 00:29:11] Set columnMode to 1
[2025-08-08 00:29:17] index +1 greater than columns for window 7760
[2025-08-08 00:29:18] index +1 greater than columns for window 8782
[2025-08-08 00:29:18] Set columnMode to 2
[2025-08-08 00:29:19] Set columnMode to 1
[2025-08-08 00:29:20] Set columnMode to 1
[2025-08-08 00:29:24] Set columnMode to 1
[2025-08-08 00:29:25] index +1 greater than columns for window 8782
[2025-08-08 00:29:25] index +1 greater than columns for window 7760
[2025-08-08 00:29:26] Set columnMode to 2
[2025-08-08 00:30:49] index +1 greater than columns for window 8782
[2025-08-08 00:30:49] index +1 greater than columns for window 7802
[2025-08-08 00:30:49] Set columnMode to 2
[2025-08-08 00:30:51] Set columnMode to 1
[2025-08-08 00:30:52] index +1 greater than columns for window 8782
[2025-08-08 00:30:53] index +1 greater than columns for window 9025
[2025-08-08 00:30:53] Set columnMode to 2
[2025-08-08 00:30:54] Set columnMode to 1
[2025-08-08 00:30:55] index +1 greater than columns for window 8782
[2025-08-08 00:30:55] index +1 greater than columns for window 7802
[2025-08-08 00:30:55] Set columnMode to 2
[2025-08-08 00:30:56] Set columnMode to 1
[2025-08-08 00:30:57] index +1 greater than columns for window 8782
[2025-08-08 00:30:57] index +1 greater than columns for window 9025
[2025-08-08 00:30:57] Set columnMode to 2
[2025-08-08 00:30:58] Set columnMode to 1
[2025-08-08 00:31:05] index +1 greater than columns for window 7802
[2025-08-08 00:31:05] Set columnMode to 3
[2025-08-08 00:31:06] Set columnMode to 1
[2025-08-08 00:31:07] index +1 greater than columns for window 8782
[2025-08-08 00:31:07] Set columnMode to 3
[2025-08-08 00:31:09] Set columnMode to 1
[2025-08-08 00:31:10] index +1 greater than columns for window 7802
[2025-08-08 00:31:10] Set columnMode to 3
[2025-08-08 00:31:11] Set columnMode to 1
[2025-08-08 00:31:12] index +1 greater than columns for window 8782
[2025-08-08 00:31:13] Set columnMode to 3
[2025-08-08 00:31:15] Set columnMode to 1
[2025-08-08 00:31:16] index +1 greater than columns for window 7802
[2025-08-08 00:31:17] Set columnMode to 3
[2025-08-08 00:31:18] Set columnMode to 1
[2025-08-08 00:31:20] index +1 greater than columns for window 8782
[2025-08-08 00:31:21] Set columnMode to 3
[2025-08-08 00:31:22] Set columnMode to 1
[2025-08-08 00:31:25] index +1 greater than columns for window 8782
[2025-08-08 00:31:25] index +1 greater than columns for window 7802
[2025-08-08 00:31:26] Set columnMode to 2
[2025-08-08 00:31:28] Set columnMode to 1
[2025-08-08 00:31:28] index +1 greater than columns for window 9025
[2025-08-08 00:31:29] Set columnMode to 3
[2025-08-08 00:31:30] Set columnMode to 1
[2025-08-08 00:33:06] index +1 greater than columns for window 9025
[2025-08-08 00:33:06] index +1 greater than columns for window 8782
[2025-08-08 00:33:06] Set columnMode to 2
[2025-08-08 00:33:08] Set columnMode to 1
[2025-08-08 00:33:15] Set columnMode to 1
[2025-08-08 00:33:17] index +1 greater than columns for window 9025
[2025-08-08 00:33:17] index +1 greater than columns for window 7802
[2025-08-08 00:33:17] Set columnMode to 2
[2025-08-08 00:34:02] Set columnMode to 1
[2025-08-08 00:34:25] Set columnMode to 1
[2025-08-08 00:34:38] Set columnMode to 1
[2025-08-08 00:38:48] index +1 greater than columns for window 8782
[2025-08-08 00:38:48] index +1 greater than columns for window 9025
[2025-08-08 00:38:48] Set columnMode to 2
[2025-08-08 00:45:19] index +1 greater than columns for window 7802
[2025-08-08 00:45:19] index +1 greater than columns for window 8782
[2025-08-08 00:45:19] Set columnMode to 2
[2025-08-08 00:45:32] index +1 greater than columns for window 7802
[2025-08-08 00:45:33] index +1 greater than columns for window 9025
[2025-08-08 00:45:33] Set columnMode to 2
[2025-08-08 00:46:57] index +1 greater than columns for window 7760
[2025-08-08 00:46:57] index +1 greater than columns for window 8782
[2025-08-08 00:46:57] Set columnMode to 2
[2025-08-08 00:47:54] index +1 greater than columns for window 7802
[2025-08-08 00:47:54] index +1 greater than columns for window 8782
[2025-08-08 00:47:55] Set columnMode to 3
[2025-08-08 00:48:09] Set columnMode to 1
[2025-08-08 00:48:13] index +1 greater than columns for window 8782
[2025-08-08 00:48:13] index +1 greater than columns for window 7802
[2025-08-08 00:48:14] Set columnMode to 3
[2025-08-08 00:48:35] index +1 greater than columns for window 7523
the acting window is not managed.
the selected window is not managed.
[2025-08-08 00:48:35] index +1 greater than columns for window 7760
[2025-08-08 00:48:35] index +1 greater than columns for window 9295
[2025-08-08 00:48:36] index +1 greater than columns for window 7802
[2025-08-08 00:48:36] index +1 greater than columns for window 8782
[2025-08-08 00:48:36] index +1 greater than columns for window 9025
[2025-08-08 00:48:36] Set columnMode to 2
[2025-08-08 00:48:41] index +1 greater than columns for window 8782
[2025-08-08 00:48:41] index +1 greater than columns for window 7802
[2025-08-08 00:48:42] index +1 greater than columns for window 9295
[2025-08-08 00:48:42] index +1 greater than columns for window 7760
[2025-08-08 00:48:42] index +1 greater than columns for window 9340
the acting window is not managed.
[2025-08-08 00:48:42] index +1 greater than columns for window 7523
the acting window is not managed.
the selected window is not managed.
[2025-08-08 00:48:42] Set columnMode to 2
[2025-08-08 00:52:51] index +1 greater than columns for window 9454
the acting window is not managed.
[2025-08-08 00:52:51] index +1 greater than columns for window 7523
the acting window is not managed.
the selected window is not managed.
[2025-08-08 00:52:51] Set columnMode to 3
[2025-08-08 00:53:29] index +1 greater than columns for window 7802
[2025-08-08 00:53:30] Set columnMode to 2
