[2025-08-07 21:19:01] Begin Event =>
[2025-08-07 21:19:01] Visible Windows == 5
[2025-08-07 21:19:01] Target Window => 7760
[2025-08-07 21:19:01] Stacking on sibling of first window
[2025-08-07 21:19:11] Begin Event =>
[2025-08-07 21:19:11] Visible Windows == 6
[2025-08-07 21:19:11] Target Window => 8197
[2025-08-07 21:19:11] Stacking on sibling of first window
[2025-08-07 21:19:12] Begin Event =>
[2025-08-07 21:19:12] Visible Windows == 7
[2025-08-07 21:19:12] Target Window => 8201
[2025-08-07 21:19:13] Stacking on sibling of first window
[2025-08-07 21:19:24] Begin Event =>
[2025-08-07 21:19:25] Visible Windows == 5
[2025-08-07 21:19:25] Target Window => 7760
[2025-08-07 21:19:25] Stacking on sibling of first window
[2025-08-07 21:19:26] Begin Event =>
[2025-08-07 21:19:26] Visible Windows == 6
[2025-08-07 21:19:26] Target Window => 8213
[2025-08-07 21:19:26] Stacking on sibling of first window
[2025-08-07 21:19:27] Begin Event =>
[2025-08-07 21:19:27] Visible Windows == 7
[2025-08-07 21:19:27] Target Window => 8217
[2025-08-07 21:19:27] Stacking on sibling of first window
[2025-08-07 21:19:28] Begin Event =>
[2025-08-07 21:19:28] Visible Windows == 8
[2025-08-07 21:19:28] Target Window => 8221
[2025-08-07 21:19:28] Stacking on sibling of first window
[2025-08-07 21:19:33] Begin Event =>
[2025-08-07 21:19:33] Visible Windows == 9
[2025-08-07 21:19:33] Target Window => 8225
[2025-08-07 21:19:33] Stacking on sibling of first window
[2025-08-07 21:19:33] Begin Event =>
[2025-08-07 21:19:33] Visible Windows == 10
[2025-08-07 21:19:33] Target Window => 8229
[2025-08-07 21:19:34] Stacking on sibling of first window
[2025-08-07 21:20:46] Begin Event =>
[2025-08-07 21:20:47] Visible Windows == 4
[2025-08-07 21:20:47] Target Window => 7760
[2025-08-07 21:20:47] Stacking on sibling of first window
[2025-08-07 21:20:49] Begin Event =>
[2025-08-07 21:20:49] Visible Windows == 5
[2025-08-07 21:20:49] Target Window => 8248
[2025-08-07 21:20:49] Stacking on sibling of first window
[2025-08-07 21:20:52] Begin Event =>
[2025-08-07 21:20:52] Visible Windows == 6
[2025-08-07 21:20:52] Target Window => 8252
[2025-08-07 21:20:52] Stacking on sibling of first window
[2025-08-07 21:20:55] Begin Event =>
[2025-08-07 21:20:55] Visible Windows == 7
[2025-08-07 21:20:55] Target Window => 8256
[2025-08-07 21:20:55] Stacking on sibling of first window
[2025-08-07 21:32:56] Begin Event =>
[2025-08-07 21:32:56] Visible Windows == 4
[2025-08-07 21:32:56] Target Window => 7552
[2025-08-07 21:32:56] Stacking on sibling of first window
[2025-08-07 21:43:13] Begin Event =>
[2025-08-07 21:43:13] Visible Windows == 4
could not locate sibling of window.
[2025-08-07 21:43:13] Target Window =>
the acting window is not managed.
value '' is not a valid option for WINDOW_SEL
[2025-08-07 21:43:13] Stacking on sibling of first window
[2025-08-07 22:24:12] Begin Event =>
[2025-08-07 22:24:12] Visible Windows == 3
could not locate sibling of window.
[2025-08-07 22:24:12] Target Window =>
the acting window is not within a bsp space.
value '' is not a valid option for WINDOW_SEL
[2025-08-07 22:24:12] Stacking on sibling of first window
[2025-08-07 23:47:55] Begin Event =>
[2025-08-07 23:47:55] Visible Windows == 4
[2025-08-07 23:47:55] Target Window => 7552
[2025-08-07 23:47:56] Stacking on sibling of first window
[2025-08-08 00:13:00] Begin Event =>
[2025-08-08 00:13:00] Visible Windows == 5
[2025-08-08 00:13:00] Target Window => 7760
[2025-08-08 00:13:00] Stacking on sibling of first window
[2025-08-08 00:14:41] Begin Event =>
[2025-08-08 00:14:41] Visible Windows == 5
could not locate sibling of window.
[2025-08-08 00:14:41] Target Window =>
the acting window is not managed.
value '' is not a valid option for WINDOW_SEL
[2025-08-08 00:14:41] Stacking on sibling of first window
[2025-08-08 00:14:51] Begin Event =>
[2025-08-08 00:14:51] Visible Windows == 5
[2025-08-08 00:14:51] Target Window => 7760
[2025-08-08 00:14:51] Stacking on sibling of first window
[2025-08-08 00:47:08] Begin Event =>
[2025-08-08 00:47:08] Visible Windows == 5
[2025-08-08 00:47:08] Target Window => 7760
[2025-08-08 00:47:08] Stacking on sibling of first window
[2025-08-08 00:47:59] Begin Event =>
[2025-08-08 00:47:59] Visible Windows == 5
could not locate sibling of window.
[2025-08-08 00:47:59] Target Window =>
the acting window is not managed.
value '' is not a valid option for WINDOW_SEL
[2025-08-08 00:47:59] Stacking on sibling of first window
[2025-08-08 00:48:21] Begin Event =>
[2025-08-08 00:48:21] Visible Windows == 6
[2025-08-08 00:48:21] Target Window => 7802
[2025-08-08 00:48:21] Stacking on sibling of first window
[2025-08-08 00:48:52] Begin Event =>
[2025-08-08 00:48:52] Visible Windows == 5
[2025-08-08 00:48:52] Target Window => 7523
[2025-08-08 00:48:52] Stacking on sibling of first window
[2025-08-08 00:49:29] Begin Event =>
[2025-08-08 00:49:29] Visible Windows == 5
[2025-08-08 00:49:29] Target Window => 7523
[2025-08-08 00:49:29] Stacking on sibling of first window
[2025-08-08 00:49:53] Begin Event =>
[2025-08-08 00:49:53] Visible Windows == 5
[2025-08-08 00:49:53] Target Window => 7802
[2025-08-08 00:49:53] Stacking on sibling of first window
[2025-08-08 00:51:36] Begin Event =>
[2025-08-08 00:51:36] Visible Windows == 2
[2025-08-08 00:52:20] Begin Event =>
[2025-08-08 00:52:20] Visible Windows == 4
[2025-08-08 00:52:20] Target Window => 7802
[2025-08-08 00:52:20] Stacking on sibling of first window
[2025-08-08 00:52:33] Begin Event =>
[2025-08-08 00:52:33] Visible Windows == 5
[2025-08-08 00:52:33] Target Window => 7760
[2025-08-08 00:52:33] Stacking on sibling of first window
[2025-08-08 00:52:47] Begin Event =>
[2025-08-08 00:52:47] Visible Windows == 5
[2025-08-08 00:52:47] Target Window => 7760
[2025-08-08 00:52:47] Stacking on sibling of first window
[2025-08-08 00:53:05] Begin Event =>
[2025-08-08 00:53:05] Visible Windows == 4
[2025-08-08 00:53:05] Target Window => 7760
[2025-08-08 00:53:05] Stacking on sibling of first window
[2025-08-08 00:53:32] Begin Event =>
[2025-08-08 00:53:32] Visible Windows == 4
[2025-08-08 00:53:32] Target Window => 7802
[2025-08-08 00:53:32] Stacking on sibling of first window
[2025-08-08 00:53:52] Begin Event =>
[2025-08-08 00:53:52] Visible Windows == 4
[2025-08-08 00:53:52] Target Window => 9492
[2025-08-08 00:53:52] Stacking on sibling of first window
[2025-08-08 00:53:55] Begin Event =>
[2025-08-08 00:53:56] Visible Windows == 5
[2025-08-08 00:53:56] Target Window => 9502
[2025-08-08 00:53:56] Stacking on sibling of first window
