[2025-08-07 09:05:52] Begin Event => 5779
[2025-08-07 09:05:52] Visible Windows == 2
[2025-08-07 09:05:52] 2 visible windows, doing nothing
[2025-08-07 09:05:58] Begin Event => 5782
[2025-08-07 09:05:58] Visible Windows == 3
[2025-08-07 09:05:58] 3 visible windows, converting to stack
could not locate the first stacked window.
yabai: could not acquire lock-file! abort..
[2025-08-07 09:26:44] Begin Event => 5858
[2025-08-07 09:26:44] Visible Windows == 1
[2025-08-07 09:26:44] 1 visible window, doing nothing
[2025-08-07 09:27:54] Begin Event => 5869
[2025-08-07 09:27:54] Visible Windows == 3
[2025-08-07 09:27:54] 3 visible windows, converting to stack
could not locate the first stacked window.
yabai: could not acquire lock-file! abort..
[2025-08-07 09:32:58] Begin Event => 5883
[2025-08-07 09:32:59] Visible Windows == 2
[2025-08-07 09:33:02] Begin Event => 5885
[2025-08-07 09:33:02] Visible Windows == 2
[2025-08-07 09:33:04] Begin Event => 5888
[2025-08-07 09:33:04] Visible Windows == 3
[2025-08-07 09:33:04] Target Window => 5885
[2025-08-07 09:33:04] Stacking on non-focused window
[2025-08-07 09:33:06] Begin Event => 5892
[2025-08-07 09:33:06] Visible Windows == 4
[2025-08-07 09:33:06] Target Window => 5888
[2025-08-07 09:33:06] Stacking on non-focused window
[2025-08-07 09:33:07] Begin Event => 5896
[2025-08-07 09:33:07] Visible Windows == 5
[2025-08-07 09:33:07] Target Window => 5892
[2025-08-07 09:33:07] Stacking on non-focused window
[2025-08-07 09:33:08] Begin Event => 5900
[2025-08-07 09:33:08] Visible Windows == 6
[2025-08-07 09:33:08] Target Window => 5896
[2025-08-07 09:33:08] Stacking on non-focused window
[2025-08-07 09:33:09] Begin Event => 5904
[2025-08-07 09:33:09] Visible Windows == 7
[2025-08-07 09:33:09] Target Window => 5900
[2025-08-07 09:33:09] Stacking on non-focused window
[2025-08-07 09:33:10] Begin Event => 5908
[2025-08-07 09:33:10] Visible Windows == 8
[2025-08-07 09:33:10] Target Window => 5904
[2025-08-07 09:33:10] Stacking on non-focused window
[2025-08-07 09:33:16] Begin Event => 5914
[2025-08-07 09:33:16] Visible Windows == 9
[2025-08-07 09:33:16] Target Window => 5908
[2025-08-07 09:33:16] Stacking on non-focused window
[2025-08-07 09:33:26] Begin Event => 5918
[2025-08-07 09:33:26] Visible Windows == 10
[2025-08-07 09:33:26] Target Window => 5684
[2025-08-07 09:33:26] Stacking on non-focused window
[2025-08-07 09:33:39] Begin Event => 5929
[2025-08-07 09:33:39] Visible Windows == 11
[2025-08-07 09:33:39] Target Window => 5918
[2025-08-07 09:33:39] Stacking on non-focused window
[2025-08-07 09:33:54] Begin Event => 5935
[2025-08-07 09:33:54] Visible Windows == 12
[2025-08-07 09:33:55] Target Window => 5914
[2025-08-07 09:33:55] Stacking on non-focused window
[2025-08-07 09:42:41] Begin Event => 5994
[2025-08-07 09:42:41] Visible Windows == 10
[2025-08-07 09:42:41] Target Window => 5900
the acting window is not managed.
[2025-08-07 09:42:41] Stacking on non-focused window
[2025-08-07 09:42:51] Begin Event => 6000
[2025-08-07 09:42:51] Visible Windows == 4
[2025-08-07 09:42:51] Target Window => 5918
[2025-08-07 09:42:51] Stacking on non-focused window
[2025-08-07 09:43:15] Begin Event => 6009
[2025-08-07 09:43:15] Visible Windows == 4
[2025-08-07 09:43:15] Target Window => 5918
[2025-08-07 09:43:15] Stacking on non-focused window
[2025-08-07 09:45:48] Begin Event => 6029
[2025-08-07 09:45:48] Visible Windows == 5
[2025-08-07 09:45:48] Target Window => 6009
[2025-08-07 09:45:48] Stacking on non-focused window
[2025-08-07 09:49:29] Begin Event => 6052
[2025-08-07 09:49:29] Visible Windows == 3
[2025-08-07 09:49:29] Target Window => 6009
the acting window is not managed.
[2025-08-07 09:49:29] Stacking on non-focused window
[2025-08-07 09:49:36] Begin Event => 6059
[2025-08-07 09:49:36] Visible Windows == 2
[2025-08-07 09:50:43] Begin Event => 6064
[2025-08-07 09:50:43] Visible Windows == 3
[2025-08-07 09:50:43] Target Window => 6059
[2025-08-07 09:50:43] Stacking on non-focused window
[2025-08-07 09:53:57] Begin Event => 6072
[2025-08-07 09:53:57] Visible Windows == 3
[2025-08-07 09:53:57] Target Window => 6064
the acting window is not managed.
[2025-08-07 09:53:57] Stacking on non-focused window
[2025-08-07 09:54:02] Begin Event => 6079
[2025-08-07 09:54:02] Visible Windows == 2
[2025-08-07 09:54:15] Begin Event => 6082
[2025-08-07 09:54:15] Visible Windows == 3
[2025-08-07 09:54:15] Target Window => 6079
[2025-08-07 09:54:15] Stacking on non-focused window
[2025-08-07 09:57:33] Begin Event => 6098
[2025-08-07 09:57:33] Visible Windows == 4
[2025-08-07 09:57:33] Target Window => 6082
[2025-08-07 09:57:34] Stacking on non-focused window
[2025-08-07 10:00:35] Begin Event => 6159
[2025-08-07 10:00:35] Visible Windows == 4
[2025-08-07 10:00:35] Target Window => 5684
the acting window is not managed.
[2025-08-07 10:00:35] Stacking on non-focused window
[2025-08-07 10:00:41] Begin Event => 6161
[2025-08-07 10:00:41] Visible Windows == 5
[2025-08-07 10:00:41] Target Window => 5684
cannot warp a window with a window in the same stack.
[2025-08-07 10:00:41] Stacking on non-focused window
[2025-08-07 10:04:02] Begin Event => 6191
[2025-08-07 10:04:02] Visible Windows == 6
[2025-08-07 10:04:02] Target Window => 6082
[2025-08-07 10:04:03] Stacking on non-focused window
[2025-08-07 10:32:24] Begin Event => 6325
[2025-08-07 10:32:24] Visible Windows == 6
[2025-08-07 10:32:24] Target Window => 6191
[2025-08-07 10:32:24] Stacking on non-focused window
[2025-08-07 10:32:55] Begin Event => 6330
[2025-08-07 10:32:55] Visible Windows == 6
[2025-08-07 10:32:55] Target Window => 6325
the acting window is not managed.
[2025-08-07 10:32:55] Stacking on non-focused window
[2025-08-07 10:33:00] Begin Event => 6337
[2025-08-07 10:33:00] Visible Windows == 3
[2025-08-07 10:33:00] Target Window => 5684
cannot warp a window with a window in the same stack.
[2025-08-07 10:33:00] Stacking on non-focused window
[2025-08-07 10:36:05] Begin Event => 6349
[2025-08-07 10:36:05] Visible Windows == 4
[2025-08-07 10:36:05] Target Window => 6337
[2025-08-07 10:36:06] Stacking on non-focused window
[2025-08-07 10:46:23] Begin Event => 6376
[2025-08-07 10:46:24] Visible Windows == 5
[2025-08-07 10:46:24] Target Window => 5684
[2025-08-07 10:46:25] Stacking on non-focused window
[2025-08-07 10:46:47] Begin Event => 6385
[2025-08-07 10:46:47] Visible Windows == 5
[2025-08-07 10:46:47] Target Window => 5684
[2025-08-07 10:46:48] Stacking on non-focused window
[2025-08-07 10:46:59] Begin Event => 6393
[2025-08-07 10:46:59] Visible Windows == 5
[2025-08-07 10:46:59] Target Window => 5684
[2025-08-07 10:46:59] Stacking on non-focused window
[2025-08-07 10:47:15] Begin Event => 6402
[2025-08-07 10:47:15] Visible Windows == 6
[2025-08-07 10:47:15] Target Window => 5684
[2025-08-07 10:47:15] Stacking on non-focused window
[2025-08-07 10:52:45] Begin Event => 5687
[2025-08-07 10:52:45] Visible Windows == 5
[2025-08-07 10:52:45] Target Window => 6402
the acting window is not managed.
[2025-08-07 10:52:45] Stacking on non-focused window
[2025-08-07 10:57:39] Begin Event => 6206
[2025-08-07 10:57:39] Visible Windows == 5
[2025-08-07 10:57:39] Target Window => 6098
the acting window is not managed.
[2025-08-07 10:57:40] Stacking on non-focused window
[2025-08-07 11:48:22] Begin Event => 6563
[2025-08-07 11:48:22] Visible Windows == 5
[2025-08-07 11:48:22] Target Window => 6098
the acting window is not managed.
[2025-08-07 11:48:22] Stacking on non-focused window
[2025-08-07 11:48:23] Begin Event => 6565
[2025-08-07 11:48:23] Visible Windows == 5
[2025-08-07 11:48:23] Target Window => 6098
the acting window is not managed.
[2025-08-07 11:48:23] Stacking on non-focused window
[2025-08-07 11:48:27] Begin Event => 6561
[2025-08-07 11:48:27] Visible Windows == 6
[2025-08-07 11:48:27] Target Window => 6098
cannot warp a window with a window in the same stack.
[2025-08-07 11:48:27] Stacking on non-focused window
[2025-08-07 11:49:01] Begin Event => 6596
[2025-08-07 11:49:01] Visible Windows == 5
[2025-08-07 11:49:01] Target Window => 6402
the acting window is not managed.
[2025-08-07 11:49:01] Stacking on non-focused window
[2025-08-07 11:49:01] Begin Event => 6601
[2025-08-07 11:49:01] Visible Windows == 5
[2025-08-07 11:49:01] Target Window => 6402
the acting window is not managed.
[2025-08-07 11:49:02] Stacking on non-focused window
[2025-08-07 11:49:02] Begin Event => 6605
[2025-08-07 11:49:02] Visible Windows == 5
[2025-08-07 11:49:02] Target Window => 6402
the acting window is not managed.
[2025-08-07 11:49:02] Stacking on non-focused window
[2025-08-07 11:51:49] Begin Event => 6620
[2025-08-07 11:51:49] Visible Windows == 5
[2025-08-07 11:51:49] Target Window => 6402
the acting window is not managed.
[2025-08-07 11:51:49] Stacking on non-focused window
[2025-08-07 12:00:00] Begin Event => 6645
[2025-08-07 12:00:00] Visible Windows == 6
[2025-08-07 12:00:00] Target Window => 6402
[2025-08-07 12:00:00] Stacking on non-focused window
[2025-08-07 12:07:41] Begin Event => 6739
[2025-08-07 12:07:41] Visible Windows == 6
[2025-08-07 12:07:41] Target Window => 6402
the acting window is not managed.
[2025-08-07 12:07:41] Stacking on non-focused window
[2025-08-07 12:10:57] Begin Event => 6775
[2025-08-07 12:10:57] Visible Windows == 6
[2025-08-07 12:10:57] Target Window => 6402
cannot warp a window with a window in the same stack.
[2025-08-07 12:10:57] Stacking on non-focused window
[2025-08-07 12:16:16] Begin Event => 6804
[2025-08-07 12:16:16] Visible Windows == 6
[2025-08-07 12:16:16] Target Window => 6402
the acting window is not managed.
[2025-08-07 12:16:16] Stacking on non-focused window
[2025-08-07 12:23:22] Begin Event => 6834
[2025-08-07 12:23:23] Visible Windows == 7
[2025-08-07 12:23:23] Target Window => 6402
cannot warp a window with a window in the same stack.
[2025-08-07 12:23:23] Stacking on non-focused window
[2025-08-07 12:23:24] Begin Event => 6838
[2025-08-07 12:23:24] Visible Windows == 7
[2025-08-07 12:23:24] Target Window => 6402
cannot warp a window with a window in the same stack.
[2025-08-07 12:23:24] Stacking on non-focused window
[2025-08-07 12:23:50] Begin Event => 6883
[2025-08-07 12:23:50] Visible Windows == 7
[2025-08-07 12:23:50] Target Window => 6349
the acting window is not managed.
[2025-08-07 12:23:50] Stacking on non-focused window
[2025-08-07 12:24:08] Begin Event => 6890
[2025-08-07 12:24:08] Visible Windows == 7
[2025-08-07 12:24:08] Target Window => 6838
the acting window is not managed.
[2025-08-07 12:24:08] Stacking on non-focused window
[2025-08-07 12:24:09] Begin Event => 6897
[2025-08-07 12:24:09] Visible Windows == 7
[2025-08-07 12:24:09] Target Window => 6838
the acting window is not managed.
[2025-08-07 12:24:09] Stacking on non-focused window
[2025-08-07 12:24:50] Begin Event => 6925
[2025-08-07 12:24:50] Visible Windows == 7
[2025-08-07 12:24:50] Target Window => 6838
the acting window is not managed.
[2025-08-07 12:24:50] Stacking on non-focused window
[2025-08-07 12:26:16] Begin Event => 6966
[2025-08-07 12:26:16] Visible Windows == 6
[2025-08-07 12:26:16] Target Window => 6838
the acting window is not managed.
[2025-08-07 12:26:16] Stacking on non-focused window
[2025-08-07 12:26:16] Begin Event => 6972
[2025-08-07 12:26:16] Visible Windows == 6
[2025-08-07 12:26:16] Target Window => 6838
the acting window is not managed.
[2025-08-07 12:26:16] Stacking on non-focused window
[2025-08-07 12:26:25] Begin Event => 6978
[2025-08-07 12:26:25] Visible Windows == 6
[2025-08-07 12:26:25] Target Window => 6838
the acting window is not managed.
[2025-08-07 12:26:25] Stacking on non-focused window
[2025-08-07 12:26:30] Begin Event => 6984
[2025-08-07 12:26:30] Visible Windows == 6
[2025-08-07 12:26:30] Target Window => 6775
[2025-08-07 12:26:30] Stacking on non-focused window
[2025-08-07 12:26:31] Begin Event => 6988
[2025-08-07 12:26:31] Visible Windows == 6
[2025-08-07 12:26:31] Target Window => 6775
[2025-08-07 12:26:31] Stacking on non-focused window
[2025-08-07 12:26:50] Begin Event => 7009
[2025-08-07 12:26:50] Visible Windows == 6
[2025-08-07 12:26:50] Target Window => 6988
the acting window is not managed.
[2025-08-07 12:26:50] Stacking on non-focused window
[2025-08-07 12:27:06] Begin Event => 7012
[2025-08-07 12:27:06] Visible Windows == 6
[2025-08-07 12:27:06] Target Window => 6775
the acting window is not managed.
[2025-08-07 12:27:06] Stacking on non-focused window
[2025-08-07 12:27:12] Begin Event => 7015
[2025-08-07 12:27:12] Begin Event => 7018
[2025-08-07 12:27:12] Begin Event => 7017
[2025-08-07 12:27:12] Visible Windows == 7
[2025-08-07 12:27:12] Target Window => 6988
[2025-08-07 12:27:12] Visible Windows == 7
[2025-08-07 12:27:12] Target Window => 7018
the acting window is not managed.
[2025-08-07 12:27:13] Stacking on non-focused window
[2025-08-07 12:27:13] Stacking on non-focused window
[2025-08-07 12:27:13] Visible Windows == 7
[2025-08-07 12:27:13] Target Window => 7018
the acting window is not managed.
[2025-08-07 12:27:13] Stacking on non-focused window
[2025-08-07 12:32:57] Begin Event => 7038
[2025-08-07 12:32:57] Begin Event => 7041
[2025-08-07 12:32:57] Begin Event => 7040
[2025-08-07 12:32:57] Visible Windows == 6
[2025-08-07 12:32:57] Target Window => 6988
the acting window is not managed.
[2025-08-07 12:32:57] Stacking on non-focused window
[2025-08-07 12:32:57] Visible Windows == 7
[2025-08-07 12:32:57] Target Window => 6988
[2025-08-07 12:32:57] Stacking on non-focused window
[2025-08-07 12:32:57] Visible Windows == 7
[2025-08-07 12:32:57] Target Window => 7041
the acting window is not managed.
[2025-08-07 12:32:57] Stacking on non-focused window
[2025-08-07 12:38:56] Begin Event => 7044
[2025-08-07 12:38:56] Visible Windows == 6
[2025-08-07 12:38:56] Target Window => 6775
the acting window is not managed.
[2025-08-07 12:38:56] Stacking on non-focused window
[2025-08-07 12:42:17] Begin Event => 6759
[2025-08-07 12:42:17] Visible Windows == 6
[2025-08-07 12:42:17] Target Window => 6098
cannot warp a window with a window in the same stack.
[2025-08-07 12:42:17] Stacking on non-focused window
[2025-08-07 12:46:35] Begin Event => 7099
[2025-08-07 12:46:35] Visible Windows == 5
[2025-08-07 12:46:35] Target Window => 6402
the acting window is not managed.
[2025-08-07 12:46:35] Stacking on non-focused window
[2025-08-07 12:46:35] Begin Event => 7104
[2025-08-07 12:46:35] Visible Windows == 5
[2025-08-07 12:46:35] Target Window => 6402
the acting window is not managed.
[2025-08-07 12:46:35] Stacking on non-focused window
[2025-08-07 12:46:36] Begin Event => 7108
[2025-08-07 12:46:36] Visible Windows == 5
[2025-08-07 12:46:36] Target Window => 6402
the acting window is not managed.
[2025-08-07 12:46:36] Stacking on non-focused window
[2025-08-07 14:18:36] Begin Event =>
[2025-08-07 14:18:36] Visible Windows == 4
[2025-08-07 14:18:36] Target Window => 7277
[2025-08-07 14:18:36] Stacking on sibling of first window
[2025-08-07 14:18:40] Begin Event =>
[2025-08-07 14:18:40] Visible Windows == 5
[2025-08-07 14:18:40] Target Window => 7544
[2025-08-07 14:18:40] Stacking on sibling of first window
[2025-08-07 14:18:50] Begin Event =>
[2025-08-07 14:18:50] Visible Windows == 6
[2025-08-07 14:18:50] Target Window => 7552
[2025-08-07 14:18:50] Stacking on sibling of first window
[2025-08-07 14:19:04] Begin Event =>
[2025-08-07 14:19:04] Visible Windows == 6
[2025-08-07 14:19:04] Target Window => 7557
[2025-08-07 14:19:04] Stacking on sibling of first window
[2025-08-07 14:20:05] Begin Event =>
[2025-08-07 14:20:05] Visible Windows == 5
[2025-08-07 14:20:05] Target Window => 7557
[2025-08-07 14:20:05] Stacking on sibling of first window
[2025-08-07 14:22:12] Begin Event =>
[2025-08-07 14:22:12] Visible Windows == 5
could not locate sibling of window.
[2025-08-07 14:22:12] Target Window =>
the acting window is not managed.
value '' is not a valid option for WINDOW_SEL
[2025-08-07 14:22:12] Stacking on sibling of first window
[2025-08-07 14:23:38] Begin Event =>
[2025-08-07 14:23:38] Visible Windows == 2
[2025-08-07 14:23:44] Begin Event =>
[2025-08-07 14:23:44] Visible Windows == 2
[2025-08-07 14:23:52] Begin Event =>
[2025-08-07 14:23:52] Visible Windows == 3
[2025-08-07 14:23:52] Target Window => 7552
[2025-08-07 14:23:52] Stacking on sibling of first window
[2025-08-07 14:27:24] Begin Event =>
[2025-08-07 14:27:24] Visible Windows == 4
[2025-08-07 14:27:24] Target Window => 7621
[2025-08-07 14:27:24] Stacking on sibling of first window
[2025-08-07 14:40:33] Begin Event =>
[2025-08-07 14:40:33] Visible Windows == 4
could not locate sibling of window.
[2025-08-07 14:40:33] Target Window =>
the acting window is not managed.
[2025-08-07 14:40:33] Stacking on sibling of first window
[2025-08-07 14:40:39] Begin Event =>
[2025-08-07 14:40:39] Visible Windows == 2
[2025-08-07 14:40:45] Begin Event =>
[2025-08-07 14:40:45] Visible Windows == 3
[2025-08-07 14:40:45] Target Window => 7552
[2025-08-07 14:40:45] Stacking on sibling of first window
[2025-08-07 14:40:49] Begin Event =>
[2025-08-07 14:40:49] Visible Windows == 4
[2025-08-07 14:40:49] Target Window => 7552
[2025-08-07 14:40:49] Stacking on sibling of first window
[2025-08-07 14:40:50] Begin Event =>
[2025-08-07 14:40:50] Visible Windows == 5
[2025-08-07 14:40:50] Target Window => 7665
[2025-08-07 14:40:50] Stacking on sibling of first window
[2025-08-07 14:40:51] Begin Event =>
[2025-08-07 14:40:51] Visible Windows == 6
[2025-08-07 14:40:51] Target Window => 7665
[2025-08-07 14:40:51] Stacking on sibling of first window
[2025-08-07 14:40:52] Begin Event =>
[2025-08-07 14:40:52] Visible Windows == 7
[2025-08-07 14:40:52] Target Window => 7671
[2025-08-07 14:40:52] Stacking on sibling of first window
[2025-08-07 14:40:52] Begin Event =>
[2025-08-07 14:40:52] Visible Windows == 8
[2025-08-07 14:40:52] Target Window => 7671
[2025-08-07 14:40:52] Stacking on sibling of first window
[2025-08-07 14:40:52] Begin Event =>
[2025-08-07 14:40:52] Visible Windows == 9
[2025-08-07 14:40:52] Target Window => 7677
[2025-08-07 14:40:53] Stacking on sibling of first window
[2025-08-07 14:40:53] Begin Event =>
[2025-08-07 14:40:53] Visible Windows == 10
[2025-08-07 14:40:53] Target Window => 7677
[2025-08-07 14:40:53] Stacking on sibling of first window
[2025-08-07 14:40:53] Begin Event =>
[2025-08-07 14:40:53] Visible Windows == 11
[2025-08-07 14:40:53] Target Window => 7683
[2025-08-07 14:40:53] Stacking on sibling of first window
[2025-08-07 14:40:53] Begin Event =>
[2025-08-07 14:40:53] Visible Windows == 12
[2025-08-07 14:40:53] Target Window => 7683
[2025-08-07 14:40:53] Stacking on sibling of first window
[2025-08-07 14:41:25] Begin Event =>
[2025-08-07 14:41:25] Visible Windows == 2
[2025-08-07 14:41:28] Begin Event =>
[2025-08-07 14:41:28] Visible Windows == 2
[2025-08-07 14:41:34] Begin Event =>
[2025-08-07 14:41:34] Visible Windows == 3
[2025-08-07 14:41:35] Target Window => 7552
[2025-08-07 14:41:35] Stacking on sibling of first window
[2025-08-07 14:41:35] Begin Event =>
[2025-08-07 14:41:36] Visible Windows == 4
[2025-08-07 14:41:36] Target Window => 7715
[2025-08-07 14:41:36] Stacking on sibling of first window
[2025-08-07 14:41:36] Begin Event =>
[2025-08-07 14:41:37] Visible Windows == 5
[2025-08-07 14:41:37] Target Window => 7719
[2025-08-07 14:41:37] Stacking on sibling of first window
[2025-08-07 14:41:37] Begin Event =>
[2025-08-07 14:41:37] Visible Windows == 6
[2025-08-07 14:41:37] Target Window => 7723
[2025-08-07 14:41:37] Stacking on sibling of first window
[2025-08-07 14:41:38] Begin Event =>
[2025-08-07 14:41:38] Visible Windows == 7
[2025-08-07 14:41:38] Target Window => 7727
[2025-08-07 14:41:38] Stacking on sibling of first window
[2025-08-07 14:41:39] Begin Event =>
[2025-08-07 14:41:39] Visible Windows == 8
[2025-08-07 14:41:39] Target Window => 7731
[2025-08-07 14:41:39] Stacking on sibling of first window
[2025-08-07 14:41:56] Begin Event =>
[2025-08-07 14:41:56] Visible Windows == 2
[2025-08-07 14:42:08] Begin Event =>
[2025-08-07 14:42:08] Visible Windows == 2
[2025-08-07 14:42:22] Begin Event =>
[2025-08-07 14:42:22] Visible Windows == 3
[2025-08-07 14:42:22] Target Window => 7552
[2025-08-07 14:42:22] Stacking on sibling of first window
[2025-08-07 14:43:46] Begin Event =>
[2025-08-07 14:43:46] Visible Windows == 3
[2025-08-07 14:43:46] Target Window => 7760
[2025-08-07 14:43:47] Stacking on sibling of first window
[2025-08-07 14:44:16] Begin Event =>
[2025-08-07 14:44:16] Visible Windows == 3
[2025-08-07 14:44:16] Target Window => 7760
[2025-08-07 14:44:16] Stacking on sibling of first window
[2025-08-07 14:44:25] Begin Event =>
[2025-08-07 14:44:25] Visible Windows == 4
[2025-08-07 14:44:25] Target Window => 7784
[2025-08-07 14:44:25] Stacking on sibling of first window
[2025-08-07 14:46:55] Begin Event =>
[2025-08-07 14:46:55] Visible Windows == 4
[2025-08-07 14:46:55] Target Window => 7790
[2025-08-07 14:46:55] Stacking on sibling of first window
